#
# A fatal error has been detected by the Java Runtime Environment:
#
#  EXCEPTION_ACCESS_VIOLATION (0xc0000005) at pc=0x00007fffe6a9bdf1, pid=10176, tid=0x0000000000001688
#
# JRE version: Java(TM) SE Runtime Environment (8.0_162-b12) (build 1.8.0_162-b12)
# Java VM: Java HotSpot(TM) 64-Bit Server VM (25.162-b12 mixed mode windows-amd64 compressed oops)
# Problematic frame:
# C  [ig9icd64.dll+0x12bdf1]
#
# Failed to write core dump. Minidumps are not enabled by default on client versions of Windows
#
# If you would like to submit a bug report, please visit:
#   http://bugreport.java.com/bugreport/crash.jsp
# The crash happened outside the Java Virtual Machine in native code.
# See problematic frame for where to report the bug.
#

---------------  T H R E A D  ---------------

Current thread (0x000000001b448000):  JavaThread "main-Display-.windows_nil-1-EDT-1" daemon [_thread_in_native, id=5768, stack(0x000000002a240000,0x000000002a340000)]

siginfo: ExceptionCode=0xc0000005, reading address 0x000000001b86e000

Registers:
RAX=0x0000000000000519, RBX=0x000000001b845350, RCX=0x0000000000000000, RDX=0x000000001b86dfd0
RSP=0x000000002a33e350, RBP=0x00000000280c3000, RSI=0x00000000290f7680, RDI=0x0000000026178c80
R8 =0x000000000002b858, R9 =0x0000000000000570, R10=0x000000000000051a, R11=0x0000000000000246
R12=0x000000000002b878, R13=0x000000001ff90080, R14=0x0000000000000002, R15=0x000000000002b858
RIP=0x00007fffe6a9bdf1, EFLAGS=0x0000000000010203

Top of Stack: (sp=0x000000002a33e350)
0x000000002a33e350:   0000000000000000 0000000000000000
0x000000002a33e360:   0000000000000000 0000000000000000
0x000000002a33e370:   0000000000000000 00007fffe6a45800
0x000000002a33e380:   000000001b845350 00000000280c3000
0x000000002a33e390:   00000000290f7680 00007ff836354400
0x000000002a33e3a0:   0000000100110801 0000000000000000
0x000000002a33e3b0:   0000000000000000 00000000280c3000
0x000000002a33e3c0:   000000001b845350 00000000280c2f50
0x000000002a33e3d0:   000000001ff90080 00007fffe6b2cf82
0x000000002a33e3e0:   000000000002b858 0000000000000042
0x000000002a33e3f0:   00000000280ed430 0000000000000000
0x000000002a33e400:   000000001b845350 000000002a33e430
0x000000002a33e410:   000000002a33e501 00007fffe6d37101
0x000000002a33e420:   000000002a33e500 000000007036da72
0x000000002a33e430:   00000000290cb940 fffffffffffffffe
0x000000002a33e440:   00000000280ed430 0000000100002368 

Instructions: (pc=0x00007fffe6a9bdf1)
0x00007fffe6a9bdd1:   85 c9 74 6c 66 66 66 0f 1f 84 00 00 00 00 00 f3
0x00007fffe6a9bde1:   0f 6f 3a 41 ff c2 f3 0f 6f 72 10 f3 0f 6f 6a 20
0x00007fffe6a9bdf1:   f3 0f 6f 62 30 f3 0f 6f 5a 40 f3 0f 6f 52 50 f3
0x00007fffe6a9be01:   0f 6f 4a 60 f3 0f 6f 42 70 48 83 ea 80 66 0f e7 


Register to memory mapping:

RAX=0x0000000000000519 is an unknown value
RBX=0x000000001b845350 is an unknown value
RCX=0x0000000000000000 is an unknown value
RDX=0x000000001b86dfd0 is an unknown value
RSP=0x000000002a33e350 is pointing into the stack for thread: 0x000000001b448000
RBP=0x00000000280c3000 is an unknown value
RSI=0x00000000290f7680 is an unknown value
RDI=0x0000000026178c80 is an unknown value
R8 =0x000000000002b858 is an unknown value
R9 =0x0000000000000570 is an unknown value
R10=0x000000000000051a is an unknown value
R11=0x0000000000000246 is an unknown value
R12=0x000000000002b878 is an unknown value
R13=0x000000001ff90080 is an unknown value
R14=0x0000000000000002 is an unknown value
R15=0x000000000002b858 is an unknown value


Stack: [0x000000002a240000,0x000000002a340000],  sp=0x000000002a33e350,  free space=1016k
Native frames: (J=compiled Java code, j=interpreted, Vv=VM code, C=native code)
C  [ig9icd64.dll+0x12bdf1]
C  [ig9icd64.dll+0xd5800]
C  [ig9icd64.dll+0x1bcf82]
C  [ig9icd64.dll+0x1bb241]
C  0x0000000003418c67

Java frames: (J=compiled Java code, j=interpreted, Vv=VM code)
j  jogamp.opengl.gl4.GL4bcImpl.dispatch_glBufferDataDelegate1(IJLjava/lang/Object;IZIJ)V+0
j  jogamp.opengl.gl4.GL4bcImpl.glBufferDataDelegate(IJLjava/nio/Buffer;I)V+88
j  jogamp.opengl.gl4.GL4bcImpl.access$000(Ljogamp/opengl/gl4/GL4bcImpl;IJLjava/nio/Buffer;I)V+7
j  jogamp.opengl.gl4.GL4bcImpl$1.create(IJLjava/nio/Buffer;I)V+10
j  jogamp.opengl.GLBufferObjectTracker.createBufferStorage(Ljogamp/opengl/GLBufferStateTracker;Lcom/jogamp/opengl/GL;IJLjava/nio/Buffer;IILjogamp/opengl/GLBufferObjectTracker$CreateStorageDispatch;)V+207
j  jogamp.opengl.gl4.GL4bcImpl.glBufferData(IJLjava/nio/Buffer;I)V+20
j  gfx.Scene.Objects.ImportedModel.init(Lcom/jogamp/opengl/GLAutoDrawable;)V+309
j  gfx.Display.WindowModelImport.init(Lcom/jogamp/opengl/GLAutoDrawable;)V+524
j  jogamp.opengl.GLDrawableHelper.init(Lcom/jogamp/opengl/GLEventListener;Lcom/jogamp/opengl/GLAutoDrawable;Z)V+2
j  jogamp.opengl.GLDrawableHelper.init(Lcom/jogamp/opengl/GLAutoDrawable;Z)V+81
j  jogamp.opengl.GLAutoDrawableBase$1.run()V+26
j  jogamp.opengl.GLDrawableHelper.invokeGLImpl(Lcom/jogamp/opengl/GLDrawable;Lcom/jogamp/opengl/GLContext;Ljava/lang/Runnable;Ljava/lang/Runnable;)V+197
j  jogamp.opengl.GLDrawableHelper.invokeGL(Lcom/jogamp/opengl/GLDrawable;Lcom/jogamp/opengl/GLContext;Ljava/lang/Runnable;Ljava/lang/Runnable;)V+72
j  com.jogamp.newt.opengl.GLWindow.display()V+90
j  jogamp.opengl.GLAutoDrawableBase.defaultWindowResizedOp(II)V+206
j  com.jogamp.newt.opengl.GLWindow.access$200(Lcom/jogamp/newt/opengl/GLWindow;II)V+3
j  com.jogamp.newt.opengl.GLWindow$2.windowResized(Lcom/jogamp/newt/event/WindowEvent;)V+18
j  jogamp.newt.WindowImpl.consumeWindowEvent(Lcom/jogamp/newt/event/WindowEvent;)V+234
j  jogamp.newt.WindowImpl.sendWindowEvent(I)V+14
j  jogamp.newt.WindowImpl.setVisibleActionImpl(Z)V+691
j  jogamp.newt.WindowImpl$VisibleAction.run()V+8
j  com.jogamp.common.util.RunnableTask.run()V+198
j  jogamp.newt.DefaultEDTUtil$NEDT.run()V+221
v  ~StubRoutines::call_stub

---------------  P R O C E S S  ---------------

Java Threads: ( => current thread )
=>0x000000001b448000 JavaThread "main-Display-.windows_nil-1-EDT-1" daemon [_thread_in_native, id=5768, stack(0x000000002a240000,0x000000002a340000)]
  0x000000001d65d000 JavaThread "main-SharedResourceRunner" daemon [_thread_blocked, id=7436, stack(0x000000001e5f0000,0x000000001e6f0000)]
  0x000000001b3c6000 JavaThread "AWT-Windows" daemon [_thread_in_native, id=10052, stack(0x000000001bf20000,0x000000001c020000)]
  0x000000001b3c1800 JavaThread "Java2D Disposer" daemon [_thread_blocked, id=8344, stack(0x000000001bd20000,0x000000001be20000)]
  0x000000001a35a000 JavaThread "Service Thread" daemon [_thread_blocked, id=6340, stack(0x000000001ae90000,0x000000001af90000)]
  0x000000001a2c6800 JavaThread "C1 CompilerThread3" daemon [_thread_blocked, id=11416, stack(0x000000001ad90000,0x000000001ae90000)]
  0x000000001a2ca800 JavaThread "C2 CompilerThread2" daemon [_thread_in_native, id=10388, stack(0x000000001ac90000,0x000000001ad90000)]
  0x000000001a2bf000 JavaThread "C2 CompilerThread1" daemon [_thread_blocked, id=5020, stack(0x000000001ab90000,0x000000001ac90000)]
  0x000000001a2a9000 JavaThread "C2 CompilerThread0" daemon [_thread_blocked, id=10976, stack(0x000000001aa90000,0x000000001ab90000)]
  0x000000001a2a7800 JavaThread "Attach Listener" daemon [_thread_blocked, id=13176, stack(0x000000001a990000,0x000000001aa90000)]
  0x000000001a2a7000 JavaThread "Signal Dispatcher" daemon [_thread_blocked, id=9680, stack(0x000000001a890000,0x000000001a990000)]
  0x000000001a2a0800 JavaThread "Finalizer" daemon [_thread_blocked, id=12956, stack(0x000000001a680000,0x000000001a780000)]
  0x0000000003338000 JavaThread "Reference Handler" daemon [_thread_blocked, id=14704, stack(0x000000001a180000,0x000000001a280000)]
  0x0000000003243800 JavaThread "main" [_thread_blocked, id=5248, stack(0x0000000003120000,0x0000000003220000)]

Other Threads:
  0x00000000183ba000 VMThread [stack: 0x000000001a080000,0x000000001a180000] [id=6248]
  0x000000001a36c800 WatcherThread [stack: 0x000000001af90000,0x000000001b090000] [id=8100]

VM state:not at safepoint (normal execution)

VM Mutex/Monitor currently owned by a thread: None

Heap:
 PSYoungGen      total 38400K, used 23834K [0x00000000d5c00000, 0x00000000da700000, 0x0000000100000000)
  eden space 33280K, 56% used [0x00000000d5c00000,0x00000000d6e49bd0,0x00000000d7c80000)
  from space 5120K, 99% used [0x00000000d8180000,0x00000000d867cf00,0x00000000d8680000)
  to   space 5120K, 0% used [0x00000000d7c80000,0x00000000d7c80000,0x00000000d8180000)
 ParOldGen       total 87552K, used 356K [0x0000000081400000, 0x0000000086980000, 0x00000000d5c00000)
  object space 87552K, 0% used [0x0000000081400000,0x0000000081459000,0x0000000086980000)
 Metaspace       used 14028K, capacity 14224K, committed 14592K, reserved 1062912K
  class space    used 1344K, capacity 1410K, committed 1536K, reserved 1048576K

Card table byte_map: [0x00000000127c0000,0x0000000012bc0000] byte_map_base: 0x00000000123b6000

Marking Bits: (ParMarkBitMap*) 0x0000000070970860
 Begin Bits: [0x0000000013670000, 0x0000000015620000)
 End Bits:   [0x0000000015620000, 0x00000000175d0000)

Polling page: 0x00000000013d0000

CodeCache: size=245760Kb used=3979Kb max_used=4001Kb free=241780Kb
 bounds [0x0000000003400000, 0x00000000037f0000, 0x0000000012400000]
 total_blobs=1721 nmethods=935 adapters=699
 compilation: enabled

Compilation events (10 events):
Event: 2.006 Thread 0x000000001a2c6800  945       3       org.apache.commons.lang3.ArrayUtils::toPrimitive (58 bytes)
Event: 2.006 Thread 0x000000001a2a9000 nmethod 891 0x0000000003758110 code [0x0000000003758260, 0x00000000037582e8]
Event: 2.006 Thread 0x000000001a2a9000  893   !   4       java.util.regex.Pattern::matcher (44 bytes)
Event: 2.006 Thread 0x000000001a2c6800 nmethod 945 0x00000000037ce9d0 code [0x00000000037ceb60, 0x00000000037cefd0]
Event: 2.011 Thread 0x000000001a2a9000 nmethod 893 0x00000000037d4d90 code [0x00000000037d4f00, 0x00000000037d5338]
Event: 2.011 Thread 0x000000001a2a9000  894       4       java.util.regex.Matcher::<init> (84 bytes)
Event: 2.015 Thread 0x000000001a2a9000 nmethod 894 0x00000000037d46d0 code [0x00000000037d4820, 0x00000000037d4bb8]
Event: 2.015 Thread 0x000000001a2a9000  878       4       java.util.regex.Pattern::skip (23 bytes)
Event: 2.015 Thread 0x000000001a2a9000 nmethod 878 0x00000000037c01d0 code [0x00000000037c0300, 0x00000000037c03b8]
Event: 2.015 Thread 0x000000001a2a9000  896       4       java.util.regex.Pattern::closure (477 bytes)

GC Heap History (4 events):
Event: 1.374 GC heap before
{Heap before GC invocations=1 (full 0):
 PSYoungGen      total 38400K, used 33280K [0x00000000d5c00000, 0x00000000d8680000, 0x0000000100000000)
  eden space 33280K, 100% used [0x00000000d5c00000,0x00000000d7c80000,0x00000000d7c80000)
  from space 5120K, 0% used [0x00000000d8180000,0x00000000d8180000,0x00000000d8680000)
  to   space 5120K, 0% used [0x00000000d7c80000,0x00000000d7c80000,0x00000000d8180000)
 ParOldGen       total 87552K, used 0K [0x0000000081400000, 0x0000000086980000, 0x00000000d5c00000)
  object space 87552K, 0% used [0x0000000081400000,0x0000000081400000,0x0000000086980000)
 Metaspace       used 12328K, capacity 12494K, committed 12928K, reserved 1060864K
  class space    used 1189K, capacity 1281K, committed 1408K, reserved 1048576K
Event: 1.384 GC heap after
Heap after GC invocations=1 (full 0):
 PSYoungGen      total 38400K, used 5020K [0x00000000d5c00000, 0x00000000d8680000, 0x0000000100000000)
  eden space 33280K, 0% used [0x00000000d5c00000,0x00000000d5c00000,0x00000000d7c80000)
  from space 5120K, 98% used [0x00000000d7c80000,0x00000000d8167010,0x00000000d8180000)
  to   space 5120K, 0% used [0x00000000d8180000,0x00000000d8180000,0x00000000d8680000)
 ParOldGen       total 87552K, used 0K [0x0000000081400000, 0x0000000086980000, 0x00000000d5c00000)
  object space 87552K, 0% used [0x0000000081400000,0x0000000081400000,0x0000000086980000)
 Metaspace       used 12328K, capacity 12494K, committed 12928K, reserved 1060864K
  class space    used 1189K, capacity 1281K, committed 1408K, reserved 1048576K
}
Event: 1.928 GC heap before
{Heap before GC invocations=2 (full 0):
 PSYoungGen      total 38400K, used 38300K [0x00000000d5c00000, 0x00000000d8680000, 0x0000000100000000)
  eden space 33280K, 100% used [0x00000000d5c00000,0x00000000d7c80000,0x00000000d7c80000)
  from space 5120K, 98% used [0x00000000d7c80000,0x00000000d8167010,0x00000000d8180000)
  to   space 5120K, 0% used [0x00000000d8180000,0x00000000d8180000,0x00000000d8680000)
 ParOldGen       total 87552K, used 0K [0x0000000081400000, 0x0000000086980000, 0x00000000d5c00000)
  object space 87552K, 0% used [0x0000000081400000,0x0000000081400000,0x0000000086980000)
 Metaspace       used 13910K, capacity 14030K, committed 14336K, reserved 1062912K
  class space    used 1341K, capacity 1409K, committed 1536K, reserved 1048576K
Event: 1.937 GC heap after
Heap after GC invocations=2 (full 0):
 PSYoungGen      total 38400K, used 5107K [0x00000000d5c00000, 0x00000000da700000, 0x0000000100000000)
  eden space 33280K, 0% used [0x00000000d5c00000,0x00000000d5c00000,0x00000000d7c80000)
  from space 5120K, 99% used [0x00000000d8180000,0x00000000d867cf00,0x00000000d8680000)
  to   space 5120K, 0% used [0x00000000d7c80000,0x00000000d7c80000,0x00000000d8180000)
 ParOldGen       total 87552K, used 356K [0x0000000081400000, 0x0000000086980000, 0x00000000d5c00000)
  object space 87552K, 0% used [0x0000000081400000,0x0000000081459000,0x0000000086980000)
 Metaspace       used 13910K, capacity 14030K, committed 14336K, reserved 1062912K
  class space    used 1341K, capacity 1409K, committed 1536K, reserved 1048576K
}

Deoptimization events (10 events):
Event: 1.018 Thread 0x0000000003243800 Uncommon trap: reason=unstable_if action=reinterpret pc=0x00000000035d1b08 method=java.lang.String.startsWith(Ljava/lang/String;I)Z @ 25
Event: 1.509 Thread 0x0000000003243800 Uncommon trap: reason=unstable_if action=reinterpret pc=0x00000000036badf4 method=java.lang.reflect.AccessibleObject.setAccessible0(Ljava/lang/reflect/AccessibleObject;Z)V @ 4
Event: 1.813 Thread 0x000000001b448000 Uncommon trap: reason=unstable_if action=reinterpret pc=0x000000000374ef0c method=com.jogamp.opengl.util.PNGPixelRect.read(Ljava/io/InputStream;Lcom/jogamp/nativewindow/util/PixelFormat;ZIZ)Lcom/jogamp/opengl/util/PNGPixelRect; @ 967
Event: 1.950 Thread 0x000000001b448000 Uncommon trap: reason=unstable_if action=reinterpret pc=0x00000000037a28f8 method=sun.misc.FloatingDecimal.readJavaFormatString(Ljava/lang/String;)Lsun/misc/FloatingDecimal$ASCIIToBinaryConverter; @ 733
Event: 1.957 Thread 0x000000001b448000 Uncommon trap: reason=predicate action=maybe_recompile pc=0x00000000037b846c method=java.util.AbstractCollection.toArray([Ljava/lang/Object;)[Ljava/lang/Object; @ 49
Event: 1.972 Thread 0x000000001b448000 Uncommon trap: reason=array_check action=maybe_recompile pc=0x00000000037bf660 method=java.util.AbstractCollection.toArray([Ljava/lang/Object;)[Ljava/lang/Object; @ 119
Event: 1.972 Thread 0x000000001b448000 Uncommon trap: reason=array_check action=maybe_recompile pc=0x00000000037bf660 method=java.util.AbstractCollection.toArray([Ljava/lang/Object;)[Ljava/lang/Object; @ 119
Event: 1.972 Thread 0x000000001b448000 Uncommon trap: reason=array_check action=maybe_recompile pc=0x00000000037bf660 method=java.util.AbstractCollection.toArray([Ljava/lang/Object;)[Ljava/lang/Object; @ 119
Event: 1.972 Thread 0x000000001b448000 Uncommon trap: reason=array_check action=maybe_recompile pc=0x00000000037bf660 method=java.util.AbstractCollection.toArray([Ljava/lang/Object;)[Ljava/lang/Object; @ 119
Event: 1.984 Thread 0x000000001b448000 Uncommon trap: reason=unstable_if action=reinterpret pc=0x00000000037c3d58 method=sun.misc.FloatingDecimal$ASCIIToBinaryBuffer.floatValue()F @ 70

Classes redefined (0 events):
No events

Internal exceptions (6 events):
Event: 0.056 Thread 0x0000000003243800 Exception <a 'java/lang/NoSuchMethodError': Method sun.misc.Unsafe.defineClass(Ljava/lang/String;[BII)Ljava/lang/Class; name or signature does not match> (0x00000000d5c07ca0) thrown at [C:\re\workspace\8-2-build-windows-amd64-cygwin\jdk8u162\10278\hotspot
Event: 0.056 Thread 0x0000000003243800 Exception <a 'java/lang/NoSuchMethodError': Method sun.misc.Unsafe.prefetchRead(Ljava/lang/Object;J)V name or signature does not match> (0x00000000d5c07f88) thrown at [C:\re\workspace\8-2-build-windows-amd64-cygwin\jdk8u162\10278\hotspot\src\share\vm\prim
Event: 0.516 Thread 0x0000000003243800 Exception <a 'java/lang/NoSuchFieldError': method resolution failed> (0x00000000d61afa40) thrown at [C:\re\workspace\8-2-build-windows-amd64-cygwin\jdk8u162\10278\hotspot\src\share\vm\prims\methodHandles.cpp, line 1167]
Event: 0.517 Thread 0x0000000003243800 Exception <a 'java/lang/NoSuchFieldError': method resolution failed> (0x00000000d61bd1e0) thrown at [C:\re\workspace\8-2-build-windows-amd64-cygwin\jdk8u162\10278\hotspot\src\share\vm\prims\methodHandles.cpp, line 1167]
Event: 0.699 Thread 0x0000000003243800 Exception <a 'java/io/FileNotFoundException'> (0x00000000d63c4490) thrown at [C:\re\workspace\8-2-build-windows-amd64-cygwin\jdk8u162\10278\hotspot\src\share\vm\prims\jni.cpp, line 709]
Event: 0.766 Thread 0x0000000003243800 Exception <a 'java/io/FileNotFoundException'> (0x00000000d6411690) thrown at [C:\re\workspace\8-2-build-windows-amd64-cygwin\jdk8u162\10278\hotspot\src\share\vm\prims\jni.cpp, line 709]

Events (10 events):
Event: 1.991 Thread 0x000000001b448000 DEOPT PACKING pc=0x00000000037aea26 sp=0x000000002a33e240
Event: 1.991 Thread 0x000000001b448000 DEOPT UNPACKING pc=0x0000000003447890 sp=0x000000002a33e028 mode 0
Event: 1.991 loading class gfx/DataModels/MaterialName
Event: 1.991 loading class gfx/DataModels/MaterialName done
Event: 1.991 loading class gfx/DataModels/MaterialName
Event: 1.992 loading class gfx/DataModels/MaterialName done
Event: 1.992 loading class java/util/function/Consumer
Event: 1.992 loading class java/util/function/Consumer done
Event: 1.993 loading class org/apache/commons/lang3/ArrayUtils
Event: 1.993 loading class org/apache/commons/lang3/ArrayUtils done


Dynamic libraries:
0x00007ff740570000 - 0x00007ff7405a7000 	D:\Java\jdk1.8.0_162\bin\javaw.exe
0x00007ff839b70000 - 0x00007ff839d51000 	C:\WINDOWS\SYSTEM32\ntdll.dll
0x00007ff837930000 - 0x00007ff8379e1000 	C:\WINDOWS\System32\KERNEL32.DLL
0x00007ff836300000 - 0x00007ff836573000 	C:\WINDOWS\System32\KERNELBASE.dll
0x00007ff837120000 - 0x00007ff8371c1000 	C:\WINDOWS\System32\ADVAPI32.dll
0x00007ff838510000 - 0x00007ff8385ae000 	C:\WINDOWS\System32\msvcrt.dll
0x00007ff8379f0000 - 0x00007ff837a4b000 	C:\WINDOWS\System32\sechost.dll
0x00007ff837c30000 - 0x00007ff837d54000 	C:\WINDOWS\System32\RPCRT4.dll
0x00007ff8381c0000 - 0x00007ff838350000 	C:\WINDOWS\System32\USER32.dll
0x00007ff835ff0000 - 0x00007ff836010000 	C:\WINDOWS\System32\win32u.dll
0x00007ff8385b0000 - 0x00007ff8385d8000 	C:\WINDOWS\System32\GDI32.dll
0x00007ff836160000 - 0x00007ff8362f2000 	C:\WINDOWS\System32\gdi32full.dll
0x00007ff836600000 - 0x00007ff83669f000 	C:\WINDOWS\System32\msvcp_win.dll
0x00007ff836060000 - 0x00007ff836158000 	C:\WINDOWS\System32\ucrtbase.dll
0x00007ff828600000 - 0x00007ff828869000 	C:\WINDOWS\WinSxS\amd64_microsoft.windows.common-controls_6595b64144ccf1df_6.0.17134.706_none_fb43a2cb30647007\COMCTL32.dll
0x00007ff837d60000 - 0x00007ff838082000 	C:\WINDOWS\System32\combase.dll
0x00007ff836580000 - 0x00007ff8365fa000 	C:\WINDOWS\System32\bcryptPrimitives.dll
0x00007ff837030000 - 0x00007ff83705d000 	C:\WINDOWS\System32\IMM32.DLL
0x00000000709f0000 - 0x0000000070ac1000 	D:\Java\jdk1.8.0_162\jre\bin\msvcr100.dll
0x0000000070150000 - 0x00000000709f0000 	D:\Java\jdk1.8.0_162\jre\bin\server\jvm.dll
0x00007ff837920000 - 0x00007ff837928000 	C:\WINDOWS\System32\PSAPI.DLL
0x00007ff830e60000 - 0x00007ff830e6a000 	C:\WINDOWS\SYSTEM32\VERSION.dll
0x00007ff833d30000 - 0x00007ff833d53000 	C:\WINDOWS\SYSTEM32\WINMM.dll
0x00007ff81ba70000 - 0x00007ff81ba79000 	C:\WINDOWS\SYSTEM32\WSOCK32.dll
0x00007ff8384a0000 - 0x00007ff83850c000 	C:\WINDOWS\System32\WS2_32.dll
0x00007ff8338e0000 - 0x00007ff83390a000 	C:\WINDOWS\SYSTEM32\winmmbase.dll
0x00007ff836010000 - 0x00007ff836059000 	C:\WINDOWS\System32\cfgmgr32.dll
0x0000000072050000 - 0x000000007205f000 	D:\Java\jdk1.8.0_162\jre\bin\verify.dll
0x0000000072020000 - 0x0000000072049000 	D:\Java\jdk1.8.0_162\jre\bin\java.dll
0x0000000072000000 - 0x0000000072016000 	D:\Java\jdk1.8.0_162\jre\bin\zip.dll
0x00007ff838700000 - 0x00007ff839b40000 	C:\WINDOWS\System32\SHELL32.dll
0x00007ff837060000 - 0x00007ff837109000 	C:\WINDOWS\System32\shcore.dll
0x00007ff8366a0000 - 0x00007ff836dad000 	C:\WINDOWS\System32\windows.storage.dll
0x00007ff838160000 - 0x00007ff8381b1000 	C:\WINDOWS\System32\shlwapi.dll
0x00007ff835ee0000 - 0x00007ff835ef1000 	C:\WINDOWS\System32\kernel.appcore.dll
0x00007ff835f00000 - 0x00007ff835f1f000 	C:\WINDOWS\System32\profapi.dll
0x00007ff835e80000 - 0x00007ff835ecc000 	C:\WINDOWS\System32\powrprof.dll
0x00007ff835ed0000 - 0x00007ff835eda000 	C:\WINDOWS\System32\FLTLIB.DLL
0x00007ff8358b0000 - 0x00007ff8358c7000 	C:\WINDOWS\SYSTEM32\CRYPTSP.dll
0x00007ff835280000 - 0x00007ff8352b3000 	C:\WINDOWS\system32\rsaenh.dll
0x00007ff8359e0000 - 0x00007ff835a05000 	C:\WINDOWS\SYSTEM32\bcrypt.dll
0x00007ff835db0000 - 0x00007ff835dd8000 	C:\WINDOWS\SYSTEM32\USERENV.dll
0x00007ff8358d0000 - 0x00007ff8358db000 	C:\WINDOWS\SYSTEM32\CRYPTBASE.dll
0x0000000071fe0000 - 0x0000000071ffa000 	D:\Java\jdk1.8.0_162\jre\bin\net.dll
0x00007ff835700000 - 0x00007ff835766000 	C:\WINDOWS\system32\mswsock.dll
0x00007ff835480000 - 0x00007ff8354b8000 	C:\WINDOWS\SYSTEM32\IPHLPAPI.DLL
0x00007ff837000000 - 0x00007ff837008000 	C:\WINDOWS\System32\NSI.dll
0x00007ff8304d0000 - 0x00007ff8304e6000 	C:\WINDOWS\SYSTEM32\dhcpcsvc6.DLL
0x00007ff8308d0000 - 0x00007ff8308ea000 	C:\WINDOWS\SYSTEM32\dhcpcsvc.DLL
0x0000000071fc0000 - 0x0000000071fd1000 	D:\Java\jdk1.8.0_162\jre\bin\nio.dll
0x00007ff833f70000 - 0x00007ff833ffb000 	C:\WINDOWS\system32\apphelp.dll
0x00000000637c0000 - 0x00000000637cd000 	C:\Users\Kuba.Kuba-laptop\AppData\Local\Temp\jogamp_0000\file_cache\jln3420732390009242976\jln2504299491980326299\natives\windows-amd64\gluegen-rt.dll
0x000000006ffb0000 - 0x0000000070148000 	D:\Java\jdk1.8.0_162\jre\bin\awt.dll
0x00007ff838090000 - 0x00007ff838152000 	C:\WINDOWS\System32\OLEAUT32.dll
0x00007ff8341d0000 - 0x00007ff834268000 	C:\WINDOWS\system32\uxtheme.dll
0x00007ff837a50000 - 0x00007ff837bc3000 	C:\WINDOWS\System32\MSCTF.dll
0x0000000180000000 - 0x0000000180170000 	C:\Program Files (x86)\RivaTuner Statistics Server\RTSSHooks64.dll
0x00007ff834350000 - 0x00007ff834379000 	C:\WINDOWS\system32\dwmapi.dll
0x00007ff8377c0000 - 0x00007ff837911000 	C:\WINDOWS\System32\ole32.dll
0x0000000071fb0000 - 0x0000000071fb7000 	D:\Java\jdk1.8.0_162\jre\bin\jawt.dll
0x000000006a440000 - 0x000000006a44d000 	C:\Users\Kuba.Kuba-laptop\AppData\Local\Temp\jogamp_0000\file_cache\jln3420732390009242976\jln2504299491980326299\natives\windows-amd64\nativewindow_awt.dll
0x00007ff825570000 - 0x00007ff825690000 	C:\WINDOWS\system32\opengl32.dll
0x00007ff8283e0000 - 0x00007ff82840c000 	C:\WINDOWS\SYSTEM32\GLU32.dll
0x000000006c100000 - 0x000000006c10f000 	C:\Users\Kuba.Kuba-laptop\AppData\Local\Temp\jogamp_0000\file_cache\jln3420732390009242976\jln2504299491980326299\natives\windows-amd64\nativewindow_win32.dll
0x0000000064500000 - 0x00000000645b1000 	C:\Users\Kuba.Kuba-laptop\AppData\Local\Temp\jogamp_0000\file_cache\jln3420732390009242976\jln2504299491980326299\natives\windows-amd64\jogl_desktop.dll
0x0000000064340000 - 0x00000000643a2000 	C:\Users\Kuba.Kuba-laptop\AppData\Local\Temp\jogamp_0000\file_cache\jln3420732390009242976\jln2504299491980326299\natives\windows-amd64\jogl_mobile.dll
0x00007fffe6970000 - 0x00007fffe77de000 	C:\WINDOWS\System32\DriverStore\FileRepository\igdlh64.inf_amd64_8a9535cd18c90bc3\ig9icd64.dll
0x00007ff834c40000 - 0x00007ff834cfb000 	C:\WINDOWS\SYSTEM32\dxgi.dll
0x00007ff808f70000 - 0x00007ff809051000 	C:\WINDOWS\System32\DriverStore\FileRepository\igdlh64.inf_amd64_8a9535cd18c90bc3\igdgmm64.dll
0x00007ff82af50000 - 0x00007ff82ce89000 	C:\WINDOWS\System32\DriverStore\FileRepository\igdlh64.inf_amd64_8a9535cd18c90bc3\igc64.dll
0x000000006cbc0000 - 0x000000006cbd3000 	C:\Users\Kuba.Kuba-laptop\AppData\Local\Temp\jogamp_0000\file_cache\jln3420732390009242976\jln2504299491980326299\natives\windows-amd64\newt.dll
0x00007ff82f430000 - 0x00007ff82f4d8000 	C:\WINDOWS\SYSTEM32\mscms.dll
0x00007ff833f40000 - 0x00007ff833f50000 	C:\WINDOWS\SYSTEM32\ColorAdapterClient.dll
0x00007ff81c0d0000 - 0x00007ff81c113000 	C:\WINDOWS\SYSTEM32\icm32.dll
0x00007ff8371d0000 - 0x00007ff83761b000 	C:\WINDOWS\System32\setupapi.dll
0x00007ff835c90000 - 0x00007ff835cb7000 	C:\WINDOWS\SYSTEM32\DEVOBJ.dll
0x00007ff836db0000 - 0x00007ff836e07000 	C:\WINDOWS\System32\WINTRUST.dll
0x00007ff835f20000 - 0x00007ff835f32000 	C:\WINDOWS\System32\MSASN1.dll
0x00007ff836e10000 - 0x00007ff836ff2000 	C:\WINDOWS\System32\CRYPT32.dll
0x00007ff826c30000 - 0x00007ff826cc6000 	C:\WINDOWS\System32\TextInputFramework.dll
0x00007ff833c50000 - 0x00007ff833d2a000 	C:\WINDOWS\System32\CoreMessaging.dll
0x00007ff8315b0000 - 0x00007ff8318ce000 	C:\WINDOWS\System32\CoreUIComponents.dll
0x00007ff834f70000 - 0x00007ff834fa1000 	C:\WINDOWS\SYSTEM32\ntmarta.dll
0x00007ff831920000 - 0x00007ff831a6d000 	C:\WINDOWS\SYSTEM32\wintypes.dll
0x00007ff81d720000 - 0x00007ff81d8e9000 	C:\WINDOWS\SYSTEM32\dbghelp.dll

VM Arguments:
jvm_args: -Dfile.encoding=Cp1250 -Xbootclasspath:D:\Java\jdk1.8.0_162\jre\lib\resources.jar;D:\Java\jdk1.8.0_162\jre\lib\rt.jar;D:\Java\jdk1.8.0_162\jre\lib\jsse.jar;D:\Java\jdk1.8.0_162\jre\lib\jce.jar;D:\Java\jdk1.8.0_162\jre\lib\charsets.jar;D:\Java\jdk1.8.0_162\jre\lib\jfr.jar;D:\Java\javadoc.zip 
java_command: gfx.Application.Main
java_class_path (initial): D:\Java\jdk1.8.0_162\jre\lib\resources.jar;D:\Java\jdk1.8.0_162\jre\lib\rt.jar;D:\Java\jdk1.8.0_162\jre\lib\jsse.jar;D:\Java\jdk1.8.0_162\jre\lib\jce.jar;D:\Java\jdk1.8.0_162\jre\lib\charsets.jar;D:\Java\jdk1.8.0_162\jre\lib\jfr.jar;D:\Java\javadoc.zip;D:\Informatyka\programowanie - cwiczenia\java\JoglGfx.Framework\target\classes;C:\Users\Kuba.Kuba-laptop\.m2\repository\org\jogamp\gluegen\gluegen-rt-main\2.3.2\gluegen-rt-main-2.3.2.jar;C:\Users\Kuba.Kuba-laptop\.m2\repository\org\jogamp\gluegen\gluegen-rt\2.3.2\gluegen-rt-2.3.2.jar;C:\Users\Kuba.Kuba-laptop\.m2\repository\org\jogamp\gluegen\gluegen-rt\2.3.2\gluegen-rt-2.3.2-natives-android-aarch64.jar;C:\Users\Kuba.Kuba-laptop\.m2\repository\org\jogamp\gluegen\gluegen-rt\2.3.2\gluegen-rt-2.3.2-natives-android-armv6.jar;C:\Users\Kuba.Kuba-laptop\.m2\repository\org\jogamp\gluegen\gluegen-rt\2.3.2\gluegen-rt-2.3.2-natives-linux-amd64.jar;C:\Users\Kuba.Kuba-laptop\.m2\repository\org\jogamp\gluegen\gluegen-rt\2.3.2\gluegen-rt-2.3.2-natives-linux-armv6.jar;C:\Users\Kuba.Kuba-laptop\.m2\repository\org\jogamp\gluegen\gluegen-rt\2.3.2\gluegen-rt-2.3.2-natives-linux-armv6hf.jar;C:\Users\Kuba.Kuba-laptop\.m2\repository\org\jogamp\gluegen\gluegen-rt\2.3.2\gluegen-rt-2.3.2-natives-linux-i586.jar;C:\Users\Kuba.Kuba-laptop\.m2\repository\org\jogamp\gluegen\gluegen-rt\2.3.2\gluegen-rt-2.3.2-natives-macosx-universal.jar;C:\Users\Kuba.Kuba-laptop\.m2\repository\org\jogamp\gluegen\gluegen-rt\2.3.2\gluegen-rt-2.3.2-natives-solaris-amd64.jar;C:\Users\Kuba.Kuba-laptop\.m2\repository\org\jogamp\gluegen\gluegen-rt\2.3.2\gluegen-rt-2.3.2-natives-solaris-i586.jar;C:\Users\Kuba.Kuba-laptop\.m2\repository\org\jogamp\gluegen\gluegen-rt\2.3.2\gluegen-rt-2.3.2-natives-windows-amd64.jar;C:\Users\Kuba.Kuba-laptop\.m2\repository\org\jogamp\gluegen\gluegen-rt\2.3.2\gluegen-rt-2.3.2-natives-windows-i586.jar;C:\Users\Kuba.Kuba-laptop\.m2\repository\org\jogamp\jogl\jogl-all-main\2.3.2\jogl-all-main-2.3.2.jar;C:\Users\Kuba.Ku
Launcher Type: SUN_STANDARD

Environment Variables:
JAVA_HOME=D:\Java\jdk1.8.0_162
PATH=C:/Program Files/Java/jre1.8.0_211/bin/server;C:/Program Files/Java/jre1.8.0_211/bin;C:/Program Files/Java/jre1.8.0_211/lib/amd64;C:\Program Files (x86)\Common Files\Oracle\Java\javapath;C:\ProgramData\Oracle\Java\javapath;C:\WINDOWS\system32;C:\WINDOWS;C:\WINDOWS\System32\Wbem;C:\WINDOWS\System32\WindowsPowerShell\v1.0\;C:\Program Files\Intel\WiFi\bin\;C:\Program Files\Common Files\Intel\WirelessCommon\;C:\Program Files (x86)\GtkSharp\2.12\bin;$JAVA_HOME\bin;D:\JavaVM\apache-maven-3.5.0-bin.tar\apache-maven-3.5.0\bin;D:\glassfish-5.0\glassfish5\bin;C:\WINDOWS\System32\OpenSSH\;C:\Program Files (x86)\NVIDIA Corporation\PhysX\Common;D:\Informatyka\programowanie - cwiczenia\java\GitCMD\cmd;D:\Brackets\command;C:\Users\Kuba.Kuba-laptop\AppData\Local\Microsoft\WindowsApps;C:\Program Files\Intel\WiFi\bin\;C:\Program Files\Common Files\Intel\WirelessCommon\;$M2_HOME\bin;D:\Java\jdk1.8.0_162\bin;C:\Users\Kuba.Kuba-laptop\AppData\Local\GitHubDesktop\bin;D:\glassfish-5.0\glassfish5\bin;C:\Users\Kuba.Kuba-laptop\AppData\Local\Microsoft\WindowsApps;D:\cygwin64\bin;;D:\Eclipse\eclipse;
USERNAME=Kuba
OS=Windows_NT
PROCESSOR_IDENTIFIER=Intel64 Family 6 Model 94 Stepping 3, GenuineIntel



---------------  S Y S T E M  ---------------

OS: Windows 10.0 , 64 bit Build 17134 (10.0.17134.706)

CPU:total 8 (initial active 8) (4 cores per cpu, 2 threads per core) family 6 model 94 stepping 3, cmov, cx8, fxsr, mmx, sse, sse2, sse3, ssse3, sse4.1, sse4.2, popcnt, avx, avx2, aes, clmul, erms, rtm, 3dnowpref, lzcnt, ht, tsc, tscinvbit, bmi1, bmi2, adx

Memory: 4k page, physical 8304492k(3461024k free), swap 9615212k(2879212k free)

vm_info: Java HotSpot(TM) 64-Bit Server VM (25.162-b12) for windows-amd64 JRE (1.8.0_162-b12), built on Dec 19 2017 20:00:03 by "java_re" with MS VC++ 10.0 (VS2010)

time: Sun Apr 28 11:35:39 2019
elapsed time: 2 seconds (0d 0h 0m 2s)

